Build started 14/12/2015 19:46:40.
     1>Project "C:\Users\Phil\Desktop\OGLWin\OGLWin\OGLWin.vcxproj" on node 2 (Build target(s)).
     1>Link:
         C:\Program Files (x86)\Microsoft Visual Studio 14.0\VC\bin\link.exe /ERRORREPORT:PROMPT /OUT:"C:\Users\Phil\Desktop\OGLWin\Release\OGLWin.exe" /INCREMENTAL:NO /NOLOGO kernel32.lib user32.lib gdi32.lib winspool.lib comdlg32.lib advapi32.lib shell32.lib ole32.lib oleaut32.lib uuid.lib odbc32.lib odbccp32.lib /MANIFEST /MANIFESTUAC:"level='asInvoker' uiAccess='false'" /manifest:embed /Debug /PDB:"C:\Users\Phil\Desktop\OGLWin\Release\OGLWin.pdb" /SUBSYSTEM:WINDOWS /OPT:REF /OPT:ICF /LTCG:incremental /TLBID:1 /DYNAMICBASE /NXCOMPAT /IMPLIB:"C:\Users\Phil\Desktop\OGLWin\Release\OGLWin.lib" /MACHINE:X86 /SAFESEH Release\OGLWin32.res
         Release\GLFont.obj
         Release\GUIButton.obj
         Release\GUIItem.obj
         Release\GUITaskbar.obj
         Release\GUIWindow.obj
         Release\MainMenu.obj
         Release\OGLApplication.obj
         Release\OGLCircle.obj
         Release\OGLRectangle.obj
         Release\OGLWin32.obj
         Release\OGLWindow.obj
         Release\Options.obj
         Release\Vector2D.obj
         Release\WindowManager.obj
         Generating code
         All 202 functions were compiled because no usable IPDB/IOBJ from previous compilation was found.
         Finished generating code
         OGLWin.vcxproj -> C:\Users\Phil\Desktop\OGLWin\Release\OGLWin.exe
     1>Done Building Project "C:\Users\Phil\Desktop\OGLWin\OGLWin\OGLWin.vcxproj" (Build target(s)).

Build succeeded.

Time Elapsed 00:00:01.23
