c:\users\phil\desktop\oglwin\oglwin\release\vc140.pdb
c:\users\phil\desktop\oglwin\oglwin\release\windowmanager.obj
c:\users\phil\desktop\oglwin\oglwin\release\vector2d.obj
c:\users\phil\desktop\oglwin\oglwin\release\options.obj
c:\users\phil\desktop\oglwin\oglwin\release\oglwindow.obj
c:\users\phil\desktop\oglwin\oglwin\release\oglwin32.obj
c:\users\phil\desktop\oglwin\oglwin\release\oglrectangle.obj
c:\users\phil\desktop\oglwin\oglwin\release\oglcircle.obj
c:\users\phil\desktop\oglwin\oglwin\release\oglapplication.obj
c:\users\phil\desktop\oglwin\oglwin\release\mainmenu.obj
c:\users\phil\desktop\oglwin\oglwin\release\guiwindow.obj
c:\users\phil\desktop\oglwin\oglwin\release\guitaskbar.obj
c:\users\phil\desktop\oglwin\oglwin\release\guiitem.obj
c:\users\phil\desktop\oglwin\oglwin\release\guibutton.obj
c:\users\phil\desktop\oglwin\oglwin\release\glfont.obj
c:\users\phil\desktop\oglwin\release\oglwin.exe
c:\users\phil\desktop\oglwin\release\oglwin.ipdb
c:\users\phil\desktop\oglwin\release\oglwin.iobj
c:\users\phil\desktop\oglwin\release\oglwin.pdb
c:\users\phil\desktop\oglwin\oglwin\release\oglwin32.res
c:\users\phil\desktop\oglwin\oglwin\release\oglwin.tlog\cl.command.1.tlog
c:\users\phil\desktop\oglwin\oglwin\release\oglwin.tlog\cl.read.1.tlog
c:\users\phil\desktop\oglwin\oglwin\release\oglwin.tlog\cl.write.1.tlog
c:\users\phil\desktop\oglwin\oglwin\release\oglwin.tlog\link.command.1.tlog
c:\users\phil\desktop\oglwin\oglwin\release\oglwin.tlog\link.read.1.tlog
c:\users\phil\desktop\oglwin\oglwin\release\oglwin.tlog\link.write.1.tlog
c:\users\phil\desktop\oglwin\oglwin\release\oglwin.tlog\rc.command.1.tlog
c:\users\phil\desktop\oglwin\oglwin\release\oglwin.tlog\rc.read.1.tlog
c:\users\phil\desktop\oglwin\oglwin\release\oglwin.tlog\rc.write.1.tlog
